load_andriod/app/build/outputs/logs/manifest-merger-release-report.txt
-- Merging decision tree log ---
manifest
ADDED from src\main\AndroidManifest.xml:2:1-535:12
	package
		ADDED from src\main\AndroidManifest.xml:3:5-31
		INJECTED from src\main\AndroidManifest.xml
		INJECTED from src\main\AndroidManifest.xml
	android:versionName
		INJECTED from src\main\AndroidManifest.xml
		INJECTED from src\main\AndroidManifest.xml
	xmlns:android
		ADDED from src\main\AndroidManifest.xml:2:11-69
	android:versionCode
		INJECTED from src\main\AndroidManifest.xml
		INJECTED from src\main\AndroidManifest.xml
supports-screens
ADDED from src\main\AndroidManifest.xml:5:5-10:39
MERGED from [:lib.5plus.base-release:] AndroidManifest.xml:9:5-14:39
	android:largeScreens
		ADDED from src\main\AndroidManifest.xml:7:9-36
	android:smallScreens
		ADDED from src\main\AndroidManifest.xml:10:9-36
	android:normalScreens
		ADDED from src\main\AndroidManifest.xml:8:9-37
	android:resizeable
		ADDED from src\main\AndroidManifest.xml:9:9-34
	android:anyDensity
		ADDED from src\main\AndroidManifest.xml:6:9-34
uses-permission#android.permission.CAMERA
ADDED from src\main\AndroidManifest.xml:13:5-65
MERGED from [:lib.5plus.base-release:] AndroidManifest.xml:29:5-65
MERGED from [load_andriod:certificateCamera:unspecified] AndroidManifest.xml:11:5-65
	android:name
		ADDED from src\main\AndroidManifest.xml:13:22-62
uses-permission#android.permission.WRITE_EXTERNAL_STORAGE
ADDED from src\main\AndroidManifest.xml:14:5-81
MERGED from [:lib.5plus.base-release:] AndroidManifest.xml:16:5-81
MERGED from [load_andriod:certificateCamera:unspecified] AndroidManifest.xml:13:5-81
MERGED from [cn.jiguang.sdk:jpush:3.0.3] AndroidManifest.xml:21:5-81
	android:name
		ADDED from src\main\AndroidManifest.xml:14:22-78
uses-feature#android.hardware.camera
ADDED from src\main\AndroidManifest.xml:16:5-60
MERGED from [:lib.5plus.base-release:] AndroidManifest.xml:38:5-60
MERGED from [load_andriod:certificateCamera:unspecified] AndroidManifest.xml:16:5-18:35
	android:required
		ADDED from [load_andriod:certificateCamera:unspecified] AndroidManifest.xml:18:9-32
	android:name
		ADDED from src\main\AndroidManifest.xml:16:19-57
uses-feature#android.hardware.camera.autofocus
ADDED from src\main\AndroidManifest.xml:17:5-70
MERGED from [:lib.5plus.base-release:] AndroidManifest.xml:24:5-70
MERGED from [load_andriod:certificateCamera:unspecified] AndroidManifest.xml:19:5-21:35
	android:required
		ADDED from [load_andriod:certificateCamera:unspecified] AndroidManifest.xml:21:9-32
	android:name
		ADDED from src\main\AndroidManifest.xml:17:19-67
uses-permission#android.permission.VIBRATE
ADDED from src\main\AndroidManifest.xml:19:5-66
MERGED from [cn.jiguang.sdk:jpush:3.0.3] AndroidManifest.xml:24:5-66
	android:name
		ADDED from src\main\AndroidManifest.xml:19:22-63
uses-permission#android.permission.FLASHLIGHT
ADDED from src\main\AndroidManifest.xml:20:5-69
MERGED from [:lib.5plus.base-release:] AndroidManifest.xml:36:5-69
MERGED from [load_andriod:certificateCamera:unspecified] AndroidManifest.xml:12:5-69
	android:name
		ADDED from src\main\AndroidManifest.xml:20:22-66
uses-permission#android.permission.INTERNET
ADDED from src\main\AndroidManifest.xml:26:5-67
MERGED from [:lib.5plus.base-release:] AndroidManifest.xml:17:5-67
MERGED from [:lib.5plus.base-release:] AndroidManifest.xml:34:5-67
MERGED from [cn.jiguang.sdk:jpush:3.0.3] AndroidManifest.xml:18:5-67
	android:name
		ADDED from src\main\AndroidManifest.xml:26:22-64
uses-permission#android.permission.ACCESS_COARSE_LOCATION
ADDED from src\main\AndroidManifest.xml:28:5-81
MERGED from [cn.jiguang.sdk:jpush:3.0.3] AndroidManifest.xml:31:5-81
	android:name
		ADDED from src\main\AndroidManifest.xml:28:22-78
uses-permission#android.permission.ACCESS_FINE_LOCATION
ADDED from src\main\AndroidManifest.xml:29:5-79
MERGED from [cn.jiguang.sdk:jpush:3.0.3] AndroidManifest.xml:33:5-79
	android:name
		ADDED from src\main\AndroidManifest.xml:29:22-76
uses-permission#android.permission.WRITE_SETTINGS
ADDED from src\main\AndroidManifest.xml:30:5-73
MERGED from [cn.jiguang.sdk:jpush:3.0.3] AndroidManifest.xml:23:5-73
	android:name
		ADDED from src\main\AndroidManifest.xml:30:22-70
uses-permission#android.permission.ACCESS_NETWORK_STATE
ADDED from src\main\AndroidManifest.xml:31:5-79
MERGED from [:lib.5plus.base-release:] AndroidManifest.xml:18:5-79
MERGED from [:lib.5plus.base-release:] AndroidManifest.xml:27:5-79
MERGED from [cn.jiguang.sdk:jpush:3.0.3] AndroidManifest.xml:26:5-79
	android:name
		ADDED from src\main\AndroidManifest.xml:31:22-76
uses-permission#android.permission.CHANGE_WIFI_STATE
ADDED from src\main\AndroidManifest.xml:32:5-76
MERGED from [cn.jiguang.sdk:jpush:3.0.3] AndroidManifest.xml:32:5-76
	android:name
		ADDED from src\main\AndroidManifest.xml:32:22-73
uses-permission#android.permission.READ_PHONE_STATE
ADDED from src\main\AndroidManifest.xml:33:5-75
MERGED from [:lib.5plus.base-release:] AndroidManifest.xml:35:5-75
MERGED from [cn.jiguang.sdk:jpush:3.0.3] AndroidManifest.xml:20:5-75
	android:name
		ADDED from src\main\AndroidManifest.xml:33:22-72
uses-permission#android.permission.MOUNT_UNMOUNT_FILESYSTEMS
ADDED from src\main\AndroidManifest.xml:34:5-84
MERGED from [cn.jiguang.sdk:jpush:3.0.3] AndroidManifest.xml:25:5-84
	android:name
		ADDED from src\main\AndroidManifest.xml:34:22-81
uses-permission#android.permission.READ_LOGS
ADDED from src\main\AndroidManifest.xml:35:5-68
	android:name
		ADDED from src\main\AndroidManifest.xml:35:22-65
uses-permission#android.permission.ACCESS_WIFI_STATE
ADDED from src\main\AndroidManifest.xml:87:5-76
MERGED from [:lib.5plus.base-release:] AndroidManifest.xml:22:5-76
MERGED from [cn.jiguang.sdk:jpush:3.0.3] AndroidManifest.xml:27:5-76
	android:name
		ADDED from src\main\AndroidManifest.xml:87:22-73
uses-permission#android.permission.ACCESS_MOCK_LOCATION
ADDED from src\main\AndroidManifest.xml:95:5-79
	android:name
		ADDED from src\main\AndroidManifest.xml:95:22-76
uses-permission#android.permission.MODIFY_AUDIO_SETTINGS
ADDED from src\main\AndroidManifest.xml:97:5-80
	android:name
		ADDED from src\main\AndroidManifest.xml:97:22-77
uses-permission#android.permission.RECORD_AUDIO
ADDED from src\main\AndroidManifest.xml:105:5-71
MERGED from [:lib.5plus.base-release:] AndroidManifest.xml:31:5-71
	android:name
		ADDED from src\main\AndroidManifest.xml:105:22-68
uses-permission#android.permission.CHANGE_NETWORK_STATE
ADDED from src\main\AndroidManifest.xml:108:5-79
MERGED from [:lib.5plus.base-release:] AndroidManifest.xml:20:5-79
MERGED from [cn.jiguang.sdk:jpush:3.0.3] AndroidManifest.xml:35:5-79
	android:name
		ADDED from src\main\AndroidManifest.xml:108:22-76
uses-permission#android.permission.RECEIVE_BOOT_COMPLETED
ADDED from src\main\AndroidManifest.xml:116:5-81
	android:name
		ADDED from src\main\AndroidManifest.xml:116:22-78
uses-permission#android.permission.RECEIVE_USER_PRESENT
ADDED from src\main\AndroidManifest.xml:117:5-79
MERGED from [cn.jiguang.sdk:jpush:3.0.3] AndroidManifest.xml:17:5-79
	android:name
		ADDED from src\main\AndroidManifest.xml:117:22-76
uses-permission#com.xiaomi.permission.AUTH_SERVICE
ADDED from src\main\AndroidManifest.xml:122:5-74
	android:name
		ADDED from src\main\AndroidManifest.xml:122:22-71
application
ADDED from src\main\AndroidManifest.xml:125:5-533:19
MERGED from [:lib.5plus.base-release:] AndroidManifest.xml:77:5-222:19
MERGED from [load_andriod:certificateCamera:unspecified] AndroidManifest.xml:23:5-30:19
MERGED from [com.android.support:appcompat-v7:25.2.0] AndroidManifest.xml:25:5-20
MERGED from [com.android.support:support-v4:25.2.0] AndroidManifest.xml:25:5-20
MERGED from [com.android.support:support-fragment:25.2.0] AndroidManifest.xml:25:5-20
MERGED from [com.android.support:support-media-compat:25.2.0] AndroidManifest.xml:25:5-20
MERGED from [com.android.support:support-core-ui:25.2.0] AndroidManifest.xml:25:5-20
MERGED from [com.android.support:support-core-utils:25.2.0] AndroidManifest.xml:25:5-20
MERGED from [com.android.support:animated-vector-drawable:25.2.0] AndroidManifest.xml:22:5-20
MERGED from [com.android.support:support-vector-drawable:25.2.0] AndroidManifest.xml:23:5-20
MERGED from [com.android.support:support-compat:25.2.0] AndroidManifest.xml:25:5-20
MERGED from [cn.jiguang.sdk:jpush:3.0.3] AndroidManifest.xml:37:5-128:19
MERGED from [cn.jiguang.sdk:jcore:1.1.1] AndroidManifest.xml:11:5-12:19
	android:label
		ADDED from src\main\AndroidManifest.xml:130:9-41
	android:supportsRtl
		ADDED from src\main\AndroidManifest.xml:132:9-35
	android:allowClearUserData
		ADDED from src\main\AndroidManifest.xml:128:9-42
	android:allowBackup
		ADDED from src\main\AndroidManifest.xml:127:9-35
	android:icon
		ADDED from src\main\AndroidManifest.xml:129:9-38
	android:largeHeap
		ADDED from src\main\AndroidManifest.xml:131:9-33
	android:name
		ADDED from src\main\AndroidManifest.xml:126:9-63
meta-data#UMENG_APPKEY
ADDED from src\main\AndroidManifest.xml:139:9-141:46
	android:value
		ADDED from src\main\AndroidManifest.xml:141:13-43
	android:name
		ADDED from src\main\AndroidManifest.xml:140:13-40
meta-data#UMENG_CHANNEL
ADDED from src\main\AndroidManifest.xml:142:9-144:42
	android:value
		ADDED from src\main\AndroidManifest.xml:144:13-39
	android:name
		ADDED from src\main\AndroidManifest.xml:143:13-41
meta-data#QQ_APPID
ADDED from src\main\AndroidManifest.xml:165:9-167:39
	android:value
		ADDED from src\main\AndroidManifest.xml:167:13-36
	android:name
		ADDED from src\main\AndroidManifest.xml:166:13-36
activity#com.tencent.tauth.AuthActivity
ADDED from src\main\AndroidManifest.xml:169:9-181:20
	android:launchMode
		ADDED from src\main\AndroidManifest.xml:171:13-44
	android:noHistory
		ADDED from src\main\AndroidManifest.xml:172:13-37
	android:name
		ADDED from src\main\AndroidManifest.xml:170:13-58
intent-filter#android.intent.action.VIEW+android.intent.category.BROWSABLE+android.intent.category.DEFAULT
ADDED from src\main\AndroidManifest.xml:173:13-180:29
action#android.intent.action.VIEW
ADDED from src\main\AndroidManifest.xml:174:17-69
	android:name
		ADDED from src\main\AndroidManifest.xml:174:25-66
category#android.intent.category.DEFAULT
ADDED from src\main\AndroidManifest.xml:176:17-76
	android:name
		ADDED from src\main\AndroidManifest.xml:176:27-73
category#android.intent.category.BROWSABLE
ADDED from src\main\AndroidManifest.xml:177:17-78
	android:name
		ADDED from src\main\AndroidManifest.xml:177:27-75
data
ADDED from src\main\AndroidManifest.xml:179:17-50
	android:scheme
		ADDED from src\main\AndroidManifest.xml:179:23-47
activity#com.tencent.connect.common.AssistActivity
ADDED from src\main\AndroidManifest.xml:182:9-185:75
	android:screenOrientation
		ADDED from src\main\AndroidManifest.xml:184:13-49
	android:theme
		ADDED from src\main\AndroidManifest.xml:185:13-72
	android:name
		ADDED from src\main\AndroidManifest.xml:183:13-69
meta-data#IFLY_APPKEY
ADDED from src\main\AndroidManifest.xml:199:9-201:40
	android:value
		ADDED from src\main\AndroidManifest.xml:201:13-37
	android:name
		ADDED from src\main\AndroidManifest.xml:200:13-39
meta-data#PUSH_APPID
ADDED from src\main\AndroidManifest.xml:211:9-213:54
	android:value
		ADDED from src\main\AndroidManifest.xml:213:13-51
	android:name
		ADDED from src\main\AndroidManifest.xml:212:13-38
meta-data#PUSH_APPKEY
ADDED from src\main\AndroidManifest.xml:214:9-216:54
	android:value
		ADDED from src\main\AndroidManifest.xml:216:13-51
	android:name
		ADDED from src\main\AndroidManifest.xml:215:13-39
meta-data#PUSH_APPSECRET
ADDED from src\main\AndroidManifest.xml:217:9-219:54
	android:value
		ADDED from src\main\AndroidManifest.xml:219:13-51
	android:name
		ADDED from src\main\AndroidManifest.xml:218:13-42
service#com.igexin.sdk.PushService
ADDED from src\main\AndroidManifest.xml:221:9-229:19
	android:process
		ADDED from src\main\AndroidManifest.xml:225:13-43
	android:label
		ADDED from src\main\AndroidManifest.xml:224:13-47
	android:exported
		ADDED from src\main\AndroidManifest.xml:223:13-36
	android:name
		ADDED from src\main\AndroidManifest.xml:222:13-54
intent-filter#com.igexin.sdk.action.service.message
ADDED from src\main\AndroidManifest.xml:226:13-228:29
action#com.igexin.sdk.action.service.message
ADDED from src\main\AndroidManifest.xml:227:17-80
	android:name
		ADDED from src\main\AndroidManifest.xml:227:25-77
receiver#com.igexin.sdk.PushReceiver
ADDED from src\main\AndroidManifest.xml:231:9-241:20
	android:name
		ADDED from src\main\AndroidManifest.xml:231:19-61
intent-filter#android.intent.action.ACTION_POWER_CONNECTED+android.intent.action.ACTION_POWER_DISCONNECTED+android.intent.action.BOOT_COMPLETED+android.intent.action.MEDIA_MOUNTED+android.intent.action.USER_PRESENT+android.net.conn.CONNECTIVITY_CHANGE+com.igexin.sdk.action.refreshls
ADDED from src\main\AndroidManifest.xml:232:13-240:29
action#android.intent.action.BOOT_COMPLETED
ADDED from src\main\AndroidManifest.xml:233:17-79
	android:name
		ADDED from src\main\AndroidManifest.xml:233:25-76
action#android.net.conn.CONNECTIVITY_CHANGE
ADDED from src\main\AndroidManifest.xml:234:17-79
	android:name
		ADDED from src\main\AndroidManifest.xml:234:25-76
action#android.intent.action.USER_PRESENT
ADDED from src\main\AndroidManifest.xml:235:17-77
	android:name
		ADDED from src\main\AndroidManifest.xml:235:25-74
action#com.igexin.sdk.action.refreshls
ADDED from src\main\AndroidManifest.xml:236:17-74
	android:name
		ADDED from src\main\AndroidManifest.xml:236:25-71
action#android.intent.action.MEDIA_MOUNTED
ADDED from src\main\AndroidManifest.xml:237:17-78
	android:name
		ADDED from src\main\AndroidManifest.xml:237:25-75
action#android.intent.action.ACTION_POWER_CONNECTED
ADDED from src\main\AndroidManifest.xml:238:17-87
	android:name
		ADDED from src\main\AndroidManifest.xml:238:25-84
action#android.intent.action.ACTION_POWER_DISCONNECTED
ADDED from src\main\AndroidManifest.xml:239:17-90
	android:name
		ADDED from src\main\AndroidManifest.xml:239:25-87
activity#com.igexin.sdk.PushActivity
ADDED from src\main\AndroidManifest.xml:243:9-249:75
	android:process
		ADDED from src\main\AndroidManifest.xml:247:13-43
	android:excludeFromRecents
		ADDED from src\main\AndroidManifest.xml:245:13-46
	android:exported
		ADDED from src\main\AndroidManifest.xml:246:13-37
	android:theme
		ADDED from src\main\AndroidManifest.xml:249:13-72
	android:taskAffinity
		ADDED from src\main\AndroidManifest.xml:248:13-67
	android:name
		ADDED from src\main\AndroidManifest.xml:244:13-55
activity#com.igexin.sdk.GActivity
ADDED from src\main\AndroidManifest.xml:250:9-256:75
	android:process
		ADDED from src\main\AndroidManifest.xml:254:13-43
	android:excludeFromRecents
		ADDED from src\main\AndroidManifest.xml:252:13-46
	android:exported
		ADDED from src\main\AndroidManifest.xml:253:13-36
	android:theme
		ADDED from src\main\AndroidManifest.xml:256:13-72
	android:taskAffinity
		ADDED from src\main\AndroidManifest.xml:255:13-67
	android:name
		ADDED from src\main\AndroidManifest.xml:251:13-52
receiver#io.dcloud.feature.apsGt.GTNotificationReceiver
ADDED from src\main\AndroidManifest.xml:258:9-266:20
	android:name
		ADDED from src\main\AndroidManifest.xml:258:19-80
intent-filter#android.intent.action.BOOT_COMPLETED+com.HBuilder.integrate.__CLEAR_NOTIFICATION+com.HBuilder.integrate.__CLILK_NOTIFICATION+com.HBuilder.integrate.__CREATE_NOTIFICATION+com.HBuilder.integrate.__REMOVE_NOTIFICATION
ADDED from src\main\AndroidManifest.xml:259:13-265:29
action#com.HBuilder.integrate.__CREATE_NOTIFICATION
ADDED from src\main\AndroidManifest.xml:261:17-87
	android:name
		ADDED from src\main\AndroidManifest.xml:261:25-84
action#com.HBuilder.integrate.__REMOVE_NOTIFICATION
ADDED from src\main\AndroidManifest.xml:262:17-87
	android:name
		ADDED from src\main\AndroidManifest.xml:262:25-84
action#com.HBuilder.integrate.__CLEAR_NOTIFICATION
ADDED from src\main\AndroidManifest.xml:263:17-86
	android:name
		ADDED from src\main\AndroidManifest.xml:263:25-83
action#com.HBuilder.integrate.__CLILK_NOTIFICATION
ADDED from src\main\AndroidManifest.xml:264:17-86
	android:name
		ADDED from src\main\AndroidManifest.xml:264:25-83
service#io.dcloud.feature.apsGt.GTNormalIntentService
ADDED from src\main\AndroidManifest.xml:267:9-268:75
	android:name
		ADDED from src\main\AndroidManifest.xml:268:13-73
service#io.dcloud.feature.apsGt.GTNormalPushService
ADDED from src\main\AndroidManifest.xml:269:9-273:54
	android:process
		ADDED from src\main\AndroidManifest.xml:273:13-43
	android:label
		ADDED from src\main\AndroidManifest.xml:272:13-40
	android:exported
		ADDED from src\main\AndroidManifest.xml:271:13-36
	android:name
		ADDED from src\main\AndroidManifest.xml:270:13-71
meta-data#SINA_REDIRECT_URI
ADDED from src\main\AndroidManifest.xml:281:9-283:53
	android:value
		ADDED from src\main\AndroidManifest.xml:283:13-50
	android:name
		ADDED from src\main\AndroidManifest.xml:282:13-45
meta-data#SINA_SECRET
ADDED from src\main\AndroidManifest.xml:284:9-286:53
	android:value
		ADDED from src\main\AndroidManifest.xml:286:13-50
	android:name
		ADDED from src\main\AndroidManifest.xml:285:13-39
meta-data#SINA_APPKEY
ADDED from src\main\AndroidManifest.xml:287:9-289:65
	android:value
		ADDED from src\main\AndroidManifest.xml:289:13-62
	android:name
		ADDED from src\main\AndroidManifest.xml:288:13-39
activity#com.sina.weibo.sdk.web.WeiboSdkWebActivity
ADDED from src\main\AndroidManifest.xml:291:9-295:67
	android:exported
		ADDED from src\main\AndroidManifest.xml:294:13-37
	android:windowSoftInputMode
		ADDED from src\main\AndroidManifest.xml:295:13-55
	android:configChanges
		ADDED from src\main\AndroidManifest.xml:293:13-63
	android:name
		ADDED from src\main\AndroidManifest.xml:292:13-70
activity#com.sina.weibo.sdk.share.WbShareTransActivity
ADDED from src\main\AndroidManifest.xml:296:9-305:20
	android:launchMode
		ADDED from src\main\AndroidManifest.xml:298:13-44
	android:theme
		ADDED from src\main\AndroidManifest.xml:299:13-83
	android:name
		ADDED from src\main\AndroidManifest.xml:297:13-73
intent-filter#android.intent.category.DEFAULT+com.sina.weibo.sdk.action.ACTION_SDK_REQ_ACTIVITY
ADDED from src\main\AndroidManifest.xml:300:13-304:29
action#com.sina.weibo.sdk.action.ACTION_SDK_REQ_ACTIVITY
ADDED from src\main\AndroidManifest.xml:301:17-92
	android:name
		ADDED from src\main\AndroidManifest.xml:301:25-89
meta-data#TENCENT_REDIRECT_URI
ADDED from src\main\AndroidManifest.xml:311:9-313:53
	android:value
		ADDED from src\main\AndroidManifest.xml:313:13-50
	android:name
		ADDED from src\main\AndroidManifest.xml:312:13-48
meta-data#TENCENT_SECRET
ADDED from src\main\AndroidManifest.xml:314:9-316:53
	android:value
		ADDED from src\main\AndroidManifest.xml:316:13-50
	android:name
		ADDED from src\main\AndroidManifest.xml:315:13-42
meta-data#TENCENT_APPKEY
ADDED from src\main\AndroidManifest.xml:317:9-319:65
	android:value
		ADDED from src\main\AndroidManifest.xml:319:13-62
	android:name
		ADDED from src\main\AndroidManifest.xml:318:13-42
activity#io.dcloud.share.tencent.WebAuthorize
ADDED from src\main\AndroidManifest.xml:321:9-323:72
	android:theme
		ADDED from src\main\AndroidManifest.xml:323:13-60
	android:name
		ADDED from src\main\AndroidManifest.xml:322:13-64
meta-data#WX_SECRET
ADDED from src\main\AndroidManifest.xml:325:9-327:64
	android:value
		ADDED from src\main\AndroidManifest.xml:327:13-61
	android:name
		ADDED from src\main\AndroidManifest.xml:326:13-37
meta-data#WX_APPID
ADDED from src\main\AndroidManifest.xml:328:9-330:50
	android:value
		ADDED from src\main\AndroidManifest.xml:330:13-47
	android:name
		ADDED from src\main\AndroidManifest.xml:329:13-36
activity#com.HBuilder.integrate.wxapi.WXEntryActivity
ADDED from src\main\AndroidManifest.xml:332:9-344:20
	android:label
		ADDED from src\main\AndroidManifest.xml:335:13-45
	android:launchMode
		ADDED from src\main\AndroidManifest.xml:336:13-43
	android:exported
		ADDED from src\main\AndroidManifest.xml:334:13-36
	android:name
		ADDED from src\main\AndroidManifest.xml:333:13-72
intent-filter#android.intent.action.VIEW+android.intent.category.DEFAULT
ADDED from src\main\AndroidManifest.xml:337:13-343:29
activity#com.alipay.sdk.app.H5PayActivity
ADDED from src\main\AndroidManifest.xml:349:9-354:79
	android:screenOrientation
		ADDED from src\main\AndroidManifest.xml:353:13-47
	android:exported
		ADDED from src\main\AndroidManifest.xml:352:13-37
	android:windowSoftInputMode
		ADDED from src\main\AndroidManifest.xml:354:13-67
	android:configChanges
		ADDED from src\main\AndroidManifest.xml:351:13-74
	android:name
		ADDED from src\main\AndroidManifest.xml:350:13-60
activity#com.alipay.sdk.auth.AuthActivity
ADDED from src\main\AndroidManifest.xml:355:9-359:59
	android:screenOrientation
		ADDED from src\main\AndroidManifest.xml:359:13-47
	android:exported
		ADDED from src\main\AndroidManifest.xml:358:13-37
	android:configChanges
		ADDED from src\main\AndroidManifest.xml:357:13-74
	android:name
		ADDED from src\main\AndroidManifest.xml:356:13-60
activity#com.HBuilder.integrate.wxapi.WXPayEntryActivity
ADDED from src\main\AndroidManifest.xml:364:9-367:46
	android:launchMode
		ADDED from src\main\AndroidManifest.xml:367:13-43
	android:exported
		ADDED from src\main\AndroidManifest.xml:366:13-36
	android:name
		ADDED from src\main\AndroidManifest.xml:365:13-75
meta-data#MIUI_APPID
ADDED from src\main\AndroidManifest.xml:375:9-377:45
	android:value
		ADDED from src\main\AndroidManifest.xml:377:13-42
	android:name
		ADDED from src\main\AndroidManifest.xml:376:13-38
meta-data#MIUI_APPSECRET
ADDED from src\main\AndroidManifest.xml:378:9-380:48
	android:value
		ADDED from src\main\AndroidManifest.xml:380:13-45
	android:name
		ADDED from src\main\AndroidManifest.xml:379:13-42
meta-data#MIUI_REDIRECT_URI
ADDED from src\main\AndroidManifest.xml:381:9-383:43
	android:value
		ADDED from src\main\AndroidManifest.xml:383:13-40
	android:name
		ADDED from src\main\AndroidManifest.xml:382:13-45
activity#com.xiaomi.account.openauth.AuthorizeActivity
ADDED from src\main\AndroidManifest.xml:385:9-82
	android:name
		ADDED from src\main\AndroidManifest.xml:385:19-79
activity#io.dcloud.PandoraEntry
ADDED from src\main\AndroidManifest.xml:464:9-480:20
	android:screenOrientation
		ADDED from src\main\AndroidManifest.xml:468:13-45
	android:hardwareAccelerated
		ADDED from src\main\AndroidManifest.xml:467:13-47
	android:windowSoftInputMode
		ADDED from src\main\AndroidManifest.xml:470:13-55
	android:configChanges
		ADDED from src\main\AndroidManifest.xml:466:13-92
	android:theme
		ADDED from src\main\AndroidManifest.xml:469:13-52
	android:name
		ADDED from src\main\AndroidManifest.xml:465:13-50
intent-filter#android.intent.action.MAIN+android.intent.category.LAUNCHER
ADDED from src\main\AndroidManifest.xml:472:13-479:29
action#android.intent.action.MAIN
ADDED from src\main\AndroidManifest.xml:474:17-475:65
	android:name
		ADDED from src\main\AndroidManifest.xml:475:21-62
category#android.intent.category.LAUNCHER
ADDED from src\main\AndroidManifest.xml:477:17-478:71
	android:name
		ADDED from src\main\AndroidManifest.xml:478:21-68
meta-data#DCLOUD_STREAMAPP_CHANNEL
ADDED from src\main\AndroidManifest.xml:485:9-487:62
	android:value
		ADDED from src\main\AndroidManifest.xml:487:13-59
	android:name
		ADDED from src\main\AndroidManifest.xml:486:13-52
activity#com.HBuilder.integrate.ActivityEntry
ADDED from src\main\AndroidManifest.xml:492:9-504:20
	android:screenOrientation
		ADDED from src\main\AndroidManifest.xml:497:13-45
	android:label
		ADDED from src\main\AndroidManifest.xml:495:13-45
	android:launchMode
		ADDED from src\main\AndroidManifest.xml:496:13-44
	android:windowSoftInputMode
		ADDED from src\main\AndroidManifest.xml:498:13-55
	android:configChanges
		ADDED from src\main\AndroidManifest.xml:494:13-63
	android:name
		ADDED from src\main\AndroidManifest.xml:493:13-64
activity#com.HBuilder.integrate.SDK_WebApp
ADDED from src\main\AndroidManifest.xml:505:9-510:20
	android:screenOrientation
		ADDED from src\main\AndroidManifest.xml:508:13-45
	android:configChanges
		ADDED from src\main\AndroidManifest.xml:507:13-112
	android:theme
		ADDED from src\main\AndroidManifest.xml:509:13-47
	android:name
		ADDED from src\main\AndroidManifest.xml:506:13-61
activity#com.HBuilder.integrate.SDK_WebView
ADDED from src\main\AndroidManifest.xml:511:9-515:59
	android:screenOrientation
		ADDED from src\main\AndroidManifest.xml:514:13-47
	android:configChanges
		ADDED from src\main\AndroidManifest.xml:513:13-112
	android:theme
		ADDED from src\main\AndroidManifest.xml:515:13-47
	android:name
		ADDED from src\main\AndroidManifest.xml:512:13-62
receiver#org.qldc.xianghq.MyReceiver
ADDED from src\main\AndroidManifest.xml:518:9-531:20
	android:enabled
		ADDED from src\main\AndroidManifest.xml:520:13-35
	android:exported
		ADDED from src\main\AndroidManifest.xml:521:13-37
	android:name
		ADDED from src\main\AndroidManifest.xml:519:13-39
intent-filter#cn.jpush.android.intent.ACTION_RICHPUSH_CALLBACK+cn.jpush.android.intent.CONNECTION+cn.jpush.android.intent.MESSAGE_RECEIVED+cn.jpush.android.intent.NOTIFICATION_OPENED+cn.jpush.android.intent.NOTIFICATION_RECEIVED+cn.jpush.android.intent.REGISTRATION+org.qldc.xianghq
ADDED from src\main\AndroidManifest.xml:522:13-530:29
action#cn.jpush.android.intent.REGISTRATION
ADDED from src\main\AndroidManifest.xml:523:17-79
	android:name
		ADDED from src\main\AndroidManifest.xml:523:25-76
action#cn.jpush.android.intent.MESSAGE_RECEIVED
ADDED from src\main\AndroidManifest.xml:524:17-83
	android:name
		ADDED from src\main\AndroidManifest.xml:524:25-80
action#cn.jpush.android.intent.NOTIFICATION_RECEIVED
ADDED from src\main\AndroidManifest.xml:525:17-88
	android:name
		ADDED from src\main\AndroidManifest.xml:525:25-85
action#cn.jpush.android.intent.NOTIFICATION_OPENED
ADDED from src\main\AndroidManifest.xml:526:17-86
	android:name
		ADDED from src\main\AndroidManifest.xml:526:25-83
action#cn.jpush.android.intent.ACTION_RICHPUSH_CALLBACK
ADDED from src\main\AndroidManifest.xml:527:17-91
	android:name
		ADDED from src\main\AndroidManifest.xml:527:25-88
action#cn.jpush.android.intent.CONNECTION
ADDED from src\main\AndroidManifest.xml:528:17-77
	android:name
		ADDED from src\main\AndroidManifest.xml:528:25-74
category#org.qldc.xianghq
ADDED from src\main\AndroidManifest.xml:529:17-61
	android:name
		ADDED from src\main\AndroidManifest.xml:529:27-58
uses-sdk
INJECTED from src\main\AndroidManifest.xml reason: use-sdk injection requested
MERGED from [com.android.support:multidex:1.0.1] AndroidManifest.xml:18:5-42
MERGED from [:lib.5plus.base-release:] AndroidManifest.xml:7:5-44
MERGED from [load_andriod:certificateCamera:unspecified] AndroidManifest.xml:7:5-9:41
MERGED from [com.android.support:appcompat-v7:25.2.0] AndroidManifest.xml:21:5-23:78
MERGED from [com.android.support:support-v4:25.2.0] AndroidManifest.xml:21:5-23:54
MERGED from [com.android.support:support-fragment:25.2.0] AndroidManifest.xml:21:5-23:60
MERGED from [com.android.support:support-media-compat:25.2.0] AndroidManifest.xml:21:5-23:63
MERGED from [com.android.support:support-core-ui:25.2.0] AndroidManifest.xml:21:5-23:58
MERGED from [com.android.support:support-core-utils:25.2.0] AndroidManifest.xml:21:5-23:61
MERGED from [com.android.support:animated-vector-drawable:25.2.0] AndroidManifest.xml:20:5-44
MERGED from [com.android.support:support-vector-drawable:25.2.0] AndroidManifest.xml:21:5-43
MERGED from [com.android.support:support-compat:25.2.0] AndroidManifest.xml:21:5-23:58
MERGED from [cn.jiguang.sdk:jpush:3.0.3] AndroidManifest.xml:7:5-9:41
MERGED from [cn.jiguang.sdk:jcore:1.1.1] AndroidManifest.xml:7:5-9:41
	tools:overrideLibrary
		ADDED from [com.android.support:appcompat-v7:25.2.0] AndroidManifest.xml:23:9-75
	android:targetSdkVersion
		INJECTED from src\main\AndroidManifest.xml
		INJECTED from src\main\AndroidManifest.xml
	android:minSdkVersion
		INJECTED from src\main\AndroidManifest.xml
		INJECTED from src\main\AndroidManifest.xml
uses-permission#android.permission.GET_TASKS
ADDED from [:lib.5plus.base-release:] AndroidManifest.xml:19:5-68
	android:name
		ADDED from [:lib.5plus.base-release:] AndroidManifest.xml:19:22-65
uses-permission#android.permission.READ_CONTACTS
ADDED from [:lib.5plus.base-release:] AndroidManifest.xml:21:5-72
	android:name
		ADDED from [:lib.5plus.base-release:] AndroidManifest.xml:21:22-69
uses-permission#android.permission.WRITE_CONTACTS
ADDED from [:lib.5plus.base-release:] AndroidManifest.xml:26:5-73
	android:name
		ADDED from [:lib.5plus.base-release:] AndroidManifest.xml:26:22-70
uses-permission#com.android.launcher.permission.UNINSTALL_SHORTCUT
ADDED from [:lib.5plus.base-release:] AndroidManifest.xml:28:5-90
	android:name
		ADDED from [:lib.5plus.base-release:] AndroidManifest.xml:28:22-87
uses-permission#android.permission.GET_ACCOUNTS
ADDED from [:lib.5plus.base-release:] AndroidManifest.xml:30:5-71
	android:name
		ADDED from [:lib.5plus.base-release:] AndroidManifest.xml:30:22-68
uses-permission#com.android.launcher.permission.INSTALL_SHORTCUT
ADDED from [:lib.5plus.base-release:] AndroidManifest.xml:32:5-88
	android:name
		ADDED from [:lib.5plus.base-release:] AndroidManifest.xml:32:22-85
uses-permission#android.permission.SEND_SMS
ADDED from [:lib.5plus.base-release:] AndroidManifest.xml:33:5-67
	android:name
		ADDED from [:lib.5plus.base-release:] AndroidManifest.xml:33:22-64
uses-permission#android.permission.WRITE_SMS
ADDED from [:lib.5plus.base-release:] AndroidManifest.xml:40:5-68
	android:name
		ADDED from [:lib.5plus.base-release:] AndroidManifest.xml:40:22-65
uses-permission#android.permission.READ_SMS
ADDED from [:lib.5plus.base-release:] AndroidManifest.xml:41:5-67
	android:name
		ADDED from [:lib.5plus.base-release:] AndroidManifest.xml:41:22-64
uses-permission#com.android.launcher.permission.READ_SETTINGS
ADDED from [:lib.5plus.base-release:] AndroidManifest.xml:44:5-85
	android:name
		ADDED from [:lib.5plus.base-release:] AndroidManifest.xml:44:22-82